<?xml version="1.0" encoding="utf-8"?><testsuites name="pytest tests"><testsuite name="pytest" errors="0" failures="0" skipped="0" tests="11" time="1.687" timestamp="2026-03-16T13:32:47.245912+00:00" hostname="agent-env-a1a0513a-af00-4ed9-8d5a-896ba43b78a6"><testcase classname="backend.tests.test_floor_configuration.TestFloorConfigurationBackend" name="test_api_health" time="0.128" /><testcase classname="backend.tests.test_floor_configuration.TestFloorConfigurationBackend" name="test_get_property_by_code_returns_floors" time="0.050" /><testcase classname="backend.tests.test_floor_configuration.TestFloorConfigurationBackend" name="test_floors_have_correct_structure" time="0.084" /><testcase classname="backend.tests.test_floor_configuration.TestFloorConfigurationBackend" name="test_floor_zero_is_gelijkvloers" time="0.049" /><testcase classname="backend.tests.test_floor_configuration.TestFloorConfigurationBackend" name="test_floor_count_matches_floors_length" time="0.047" /><testcase classname="backend.tests.test_floor_configuration.TestFloorConfigurationBackend" name="test_floors_numbered_correctly" time="0.036" /><testcase classname="backend.tests.test_floor_configuration.TestFloorConfigurationBackend" name="test_invalid_join_code_returns_404" time="0.039" /><testcase classname="backend.tests.test_floor_configuration.TestFloorConfigurationBackend" name="test_create_property_with_floor_count" time="0.408" /><testcase classname="backend.tests.test_floor_configuration.TestFloorConfigurationBackend" name="test_get_properties_includes_floors" time="0.038" /><testcase classname="backend.tests.test_floor_configuration.TestStudentJoinWithFloorDropdown" name="test_student_join_with_floor_from_dropdown" time="0.433" /><testcase classname="backend.tests.test_floor_configuration.TestStudentJoinWithFloorDropdown" name="test_join_floor_validation" time="0.269" /></testsuite></testsuites>